已拉取第 1 页，累计 100 条
已拉取第 2 页，累计 200 条
已拉取第 3 页，累计 300 条
已拉取第 4 页，累计 400 条
已拉取第 5 页，累计 500 条
已拉取第 6 页，累计 600 条
已拉取第 7 页，累计 700 条
已拉取第 8 页，累计 800 条
已拉取第 9 页，累计 900 条
已拉取第 10 页，累计 1000 条
已拉取第 11 页，累计 1100 条
已拉取第 12 页，累计 1200 条
已拉取第 13 页，累计 1300 条
已拉取第 14 页，累计 1400 条
已拉取第 15 页，累计 1500 条
已拉取第 16 页，累计 1600 条
已拉取第 17 页，累计 1700 条
已拉取第 18 页，累计 1800 条
已拉取第 19 页，累计 1900 条
已拉取第 20 页，累计 2000 条
已拉取第 21 页，累计 2100 条
已拉取第 22 页，累计 2200 条
已拉取第 23 页，累计 2300 条
已拉取第 24 页，累计 2400 条
已拉取第 25 页，累计 2500 条
已拉取第 26 页，累计 2600 条
已拉取第 27 页，累计 2700 条
已拉取第 28 页，累计 2800 条
已拉取第 29 页，累计 2900 条
已拉取第 30 页，累计 3000 条
已拉取第 31 页，累计 3100 条
已拉取第 32 页，累计 3200 条
已拉取第 33 页，累计 3300 条
已拉取第 34 页，累计 3400 条
已拉取第 35 页，累计 3500 条
已拉取第 36 页，累计 3600 条
已拉取第 37 页，累计 3700 条
已拉取第 38 页，累计 3800 条
已拉取第 39 页，累计 3900 条
已拉取第 40 页，累计 4000 条
已拉取第 41 页，累计 4100 条
已拉取第 42 页，累计 4200 条
已拉取第 43 页，累计 4300 条
已拉取第 44 页，累计 4400 条
已拉取第 45 页，累计 4500 条
已拉取第 46 页，累计 4600 条
已拉取第 47 页，累计 4700 条
已拉取第 48 页，累计 4800 条
已拉取第 49 页，累计 4900 条
已拉取第 50 页，累计 5000 条
已拉取第 51 页，累计 5100 条
已拉取第 52 页，累计 5200 条
已拉取第 53 页，累计 5300 条
已拉取第 54 页，累计 5400 条
已拉取第 55 页，累计 5472 条
全市场股票数：5472
当前下跌股票数：997

920098 科隆新材  	现价:30.88	涨跌幅:-0.03%	10日线:31.2	缩量:True	ratio:0.99	
002853 皮阿诺   	现价:20.95	涨跌幅:-0.05%	10日线:21.88	缩量:True	ratio:0.958	
603214 爱婴室   	现价:17.15	涨跌幅:-0.06%	10日线:17.42	缩量:True	ratio:0.985	
002164 宁波东力  	现价:16.0	涨跌幅:-0.06%	10日线:16.46	缩量:True	ratio:0.972	
300993 玉马科技  	现价:14.71	涨跌幅:-0.07%	10日线:14.97	缩量:True	ratio:0.982	
600298 安琪酵母  	现价:43.71	涨跌幅:-0.07%	10日线:44.0	缩量:True	ratio:0.993	
603777 来伊份   	现价:13.72	涨跌幅:-0.07%	10日线:14.18	缩量:True	ratio:0.968	
603992 松霖科技  	现价:40.89	涨跌幅:-0.07%	10日线:40.86	缩量:True	ratio:1.001	
600573 惠泉啤酒  	现价:11.92	涨跌幅:-0.08%	10日线:12.56	缩量:True	ratio:0.949	
603536 惠发食品  	现价:11.11	涨跌幅:-0.09%	10日线:11.59	缩量:True	ratio:0.959	
688455 科捷智能  	现价:20.07	涨跌幅:-0.1%	10日线:20.04	缩量:True	ratio:1.002	
920418 苏轴股份  	现价:29.98	涨跌幅:-0.1%	10日线:29.94	缩量:True	ratio:1.001	
002037 保利联合  	现价:9.49	涨跌幅:-0.11%	10日线:9.69	缩量:True	ratio:0.979	
300973 立高食品  	现价:42.95	涨跌幅:-0.12%	10日线:43.21	缩量:True	ratio:0.994	
920407 驰诚股份  	现价:25.06	涨跌幅:-0.12%	10日线:26.96	缩量:True	ratio:0.93	
920873 中设咨询  	现价:7.73	涨跌幅:-0.13%	10日线:7.71	缩量:True	ratio:1.002	
605388 均瑶健康  	现价:7.43	涨跌幅:-0.13%	10日线:7.82	缩量:True	ratio:0.95	
300128 锦富技术  	现价:7.29	涨跌幅:-0.14%	10日线:7.62	缩量:True	ratio:0.956	
920304 迪尔化工  	现价:13.63	涨跌幅:-0.15%	10日线:13.91	缩量:True	ratio:0.98	
002697 红旗连锁  	现价:5.93	涨跌幅:-0.17%	10日线:6.23	缩量:True	ratio:0.952	
600009 上海机场  	现价:32.7	涨跌幅:-0.18%	10日线:33.27	缩量:True	ratio:0.983	
600822 上海物贸  	现价:10.69	涨跌幅:-0.19%	10日线:10.88	缩量:True	ratio:0.982	
600793 宜宾纸业  	现价:21.06	涨跌幅:-0.19%	10日线:21.63	缩量:True	ratio:0.974	
001318 阳光乳业  	现价:15.55	涨跌幅:-0.19%	10日线:16.05	缩量:True	ratio:0.969	
000582 北部湾港  	现价:9.36	涨跌幅:-0.21%	10日线:9.62	缩量:True	ratio:0.973	
600684 珠江股份  	现价:4.35	涨跌幅:-0.23%	10日线:4.47	缩量:True	ratio:0.973	
002484 江海股份  	现价:29.63	涨跌幅:-0.24%	10日线:29.59	缩量:True	ratio:1.001	
603679 华体科技  	现价:16.12	涨跌幅:-0.25%	10日线:16.3	缩量:True	ratio:0.989	
002820 桂发祥   	现价:12.02	涨跌幅:-0.25%	10日线:12.5	缩量:True	ratio:0.962	
920765 美之高   	现价:20.69	涨跌幅:-0.29%	10日线:22.23	缩量:True	ratio:0.931	
002453 华软科技  	现价:6.31	涨跌幅:-0.32%	10日线:6.41	缩量:True	ratio:0.984	
301533 威马农机  	现价:40.38	涨跌幅:-0.32%	10日线:42.15	缩量:True	ratio:0.958	
300290 荣科科技  	现价:27.44	涨跌幅:-0.33%	10日线:29.16	缩量:True	ratio:0.941	
603959 百利科技  	现价:5.72	涨跌幅:-0.35%	10日线:6.0	缩量:True	ratio:0.954	
601010 文峰股份  	现价:2.72	涨跌幅:-0.37%	10日线:2.91	缩量:True	ratio:0.934	
300321 同大股份  	现价:45.1	涨跌幅:-0.4%	10日线:46.29	缩量:True	ratio:0.974	
688711 宏微科技  	现价:31.6	涨跌幅:-0.41%	10日线:29.61	缩量:True	ratio:1.067	
600990 四创电子  	现价:31.52	涨跌幅:-0.41%	10日线:31.93	缩量:True	ratio:0.987	
002186 全 聚 德 	现价:11.73	涨跌幅:-0.42%	10日线:11.92	缩量:True	ratio:0.984	
601933 永辉超市  	现价:4.67	涨跌幅:-0.43%	10日线:5.26	缩量:True	ratio:0.889	
603977 国泰集团  	现价:13.84	涨跌幅:-0.43%	10日线:14.48	缩量:True	ratio:0.956	
000802 北京文化  	现价:4.53	涨跌幅:-0.44%	10日线:4.86	缩量:True	ratio:0.932	
603995 甬金股份  	现价:18.0	涨跌幅:-0.44%	10日线:18.2	缩量:True	ratio:0.989	
000882 华联股份  	现价:2.05	涨跌幅:-0.49%	10日线:2.13	缩量:True	ratio:0.962	
603128 华贸物流  	现价:6.07	涨跌幅:-0.49%	10日线:6.13	缩量:True	ratio:0.99	
603162 海通发展  	现价:11.98	涨跌幅:-0.5%	10日线:12.55	缩量:True	ratio:0.955	
002593 日上集团  	现价:5.88	涨跌幅:-0.51%	10日线:6.06	缩量:True	ratio:0.97	
300989 蕾奥规划  	现价:17.56	涨跌幅:-0.51%	10日线:17.45	缩量:True	ratio:1.006	
002419 天虹股份  	现价:5.5	涨跌幅:-0.54%	10日线:5.73	缩量:True	ratio:0.96	
300547 川环科技  	现价:39.18	涨跌幅:-0.56%	10日线:39.59	缩量:True	ratio:0.99	
300137 先河环保  	现价:10.3	涨跌幅:-0.58%	10日线:10.39	缩量:True	ratio:0.992	
600738 丽尚国潮  	现价:5.13	涨跌幅:-0.58%	10日线:5.32	缩量:True	ratio:0.964	
301010 晶雪节能  	现价:22.02	涨跌幅:-0.59%	10日线:22.53	缩量:True	ratio:0.977	
603136 天目湖   	现价:11.71	涨跌幅:-0.59%	10日线:12.03	缩量:True	ratio:0.973	
000639 西王食品  	现价:3.29	涨跌幅:-0.6%	10日线:3.47	缩量:True	ratio:0.947	
605365 立达信   	现价:26.3	涨跌幅:-0.6%	10日线:27.01	缩量:True	ratio:0.974	
600250 南京商旅  	现价:11.44	涨跌幅:-0.61%	10日线:12.17	缩量:True	ratio:0.94	
605339 南侨食品  	现价:19.5	涨跌幅:-0.61%	10日线:20.39	缩量:True	ratio:0.956	
920706 铁拓机械  	现价:24.84	涨跌幅:-0.64%	10日线:26.56	缩量:True	ratio:0.935	
603058 永吉股份  	现价:9.31	涨跌幅:-0.64%	10日线:9.52	缩量:True	ratio:0.978	
300440 运达科技  	现价:12.23	涨跌幅:-0.65%	10日线:12.08	缩量:True	ratio:1.012	
002300 太阳电缆  	现价:9.14	涨跌幅:-0.65%	10日线:9.78	缩量:True	ratio:0.935	
002631 德尔未来  	现价:5.94	涨跌幅:-0.67%	10日线:5.91	缩量:True	ratio:1.005	
002523 天桥起重  	现价:4.26	涨跌幅:-0.7%	10日线:4.28	缩量:True	ratio:0.996	
002702 海欣食品  	现价:7.07	涨跌幅:-0.7%	10日线:8.31	缩量:True	ratio:0.851	
300817 双飞集团  	现价:21.06	涨跌幅:-0.71%	10日线:20.53	缩量:True	ratio:1.026	
300771 智莱科技  	现价:15.39	涨跌幅:-0.71%	10日线:15.62	缩量:True	ratio:0.986	
920363 莱赛激光  	现价:19.19	涨跌幅:-0.72%	10日线:19.95	缩量:True	ratio:0.962	
002783 凯龙股份  	现价:9.5	涨跌幅:-0.73%	10日线:9.54	缩量:True	ratio:0.996	
002827 高争民爆  	现价:37.44	涨跌幅:-0.77%	10日线:38.35	缩量:True	ratio:0.976	
605299 舒华体育  	现价:11.4	涨跌幅:-0.78%	10日线:11.78	缩量:True	ratio:0.967	
001322 箭牌家居  	现价:8.8	涨跌幅:-0.79%	10日线:8.98	缩量:True	ratio:0.98	
000564 供销大集  	现价:2.48	涨跌幅:-0.8%	10日线:2.56	缩量:True	ratio:0.967	
603081 大丰实业  	现价:13.91	涨跌幅:-0.86%	10日线:13.89	缩量:True	ratio:1.001	
300235 方直科技  	现价:16.17	涨跌幅:-0.86%	10日线:16.36	缩量:True	ratio:0.989	
600185 珠免集团  	现价:6.75	涨跌幅:-0.88%	10日线:6.94	缩量:True	ratio:0.973	
000632 三木集团  	现价:5.6	涨跌幅:-0.88%	10日线:6.07	缩量:True	ratio:0.923	
300551 古鳌科技  	现价:16.49	涨跌幅:-0.9%	10日线:16.56	缩量:True	ratio:0.996	
002674 兴业科技  	现价:14.8	涨跌幅:-0.94%	10日线:14.39	缩量:True	ratio:1.028	
920274 宏裕包材  	现价:28.49	涨跌幅:-0.94%	10日线:34.05	缩量:True	ratio:0.837	
002478 常宝股份  	现价:8.39	涨跌幅:-0.94%	10日线:8.55	缩量:True	ratio:0.981	
600103 青山纸业  	现价:4.15	涨跌幅:-0.95%	10日线:4.2	缩量:True	ratio:0.989	
000532 华金资本  	现价:15.96	涨跌幅:-0.99%	10日线:16.07	缩量:True	ratio:0.993	
920906 舜宇精工  	现价:28.91	涨跌幅:-0.99%	10日线:29.31	缩量:True	ratio:0.986	
600882 妙可蓝多  	现价:24.88	涨跌幅:-1.03%	10日线:26.71	缩量:True	ratio:0.932	
002842 翔鹭钨业  	现价:14.31	涨跌幅:-1.04%	10日线:14.2	缩量:True	ratio:1.008	
300553 集智股份  	现价:39.97	涨跌幅:-1.04%	10日线:39.09	缩量:True	ratio:1.023	
002427 尤夫股份  	现价:6.64	涨跌幅:-1.04%	10日线:6.6	缩量:True	ratio:1.006	
003007 直真科技  	现价:36.88	涨跌幅:-1.1%	10日线:35.76	缩量:True	ratio:1.031	
603159 上海亚虹  	现价:25.42	涨跌幅:-1.13%	10日线:24.86	缩量:True	ratio:1.022	
002824 和胜股份  	现价:19.18	涨跌幅:-1.13%	10日线:18.98	缩量:True	ratio:1.011	
600800 渤海化学  	现价:3.42	涨跌幅:-1.16%	10日线:3.85	缩量:True	ratio:0.888	
301088 戎美股份  	现价:16.95	涨跌幅:-1.17%	10日线:16.86	缩量:True	ratio:1.005	
001330 博纳影业  	现价:7.51	涨跌幅:-1.18%	10日线:8.23	缩量:True	ratio:0.913	
600828 茂业商业  	现价:5.77	涨跌幅:-1.2%	10日线:6.03	缩量:True	ratio:0.956	
920665 科强股份  	现价:13.92	涨跌幅:-1.21%	10日线:14.77	缩量:True	ratio:0.942	
920943 优机股份  	现价:26.12	涨跌幅:-1.25%	10日线:26.99	缩量:True	ratio:0.968	
301023 奕帆传动  	现价:42.75	涨跌幅:-1.27%	10日线:41.42	缩量:True	ratio:1.032	
603680 今创集团  	现价:15.2	涨跌幅:-1.36%	10日线:15.05	缩量:True	ratio:1.01	
000407 胜利股份  	现价:4.95	涨跌幅:-1.39%	10日线:5.03	缩量:True	ratio:0.984	
600814 杭州解百  	现价:7.98	涨跌幅:-1.48%	10日线:8.44	缩量:True	ratio:0.946	
000715 中兴商业  	现价:6.19	涨跌幅:-1.59%	10日线:6.55	缩量:True	ratio:0.944	
600960 渤海汽车  	现价:5.49	涨跌幅:-1.61%	10日线:5.5	缩量:True	ratio:0.997	
920885 星辰科技  	现价:23.08	涨跌幅:-1.62%	10日线:24.73	缩量:True	ratio:0.933	
002666 德联集团  	现价:5.42	涨跌幅:-1.63%	10日线:5.58	缩量:True	ratio:0.971	
002870 香山股份  	现价:38.67	涨跌幅:-1.65%	10日线:38.2	缩量:True	ratio:1.012	
600221 海航控股  	现价:1.78	涨跌幅:-1.66%	10日线:1.79	缩量:True	ratio:0.992	
600033 福建高速  	现价:4.06	涨跌幅:-1.69%	10日线:4.28	缩量:True	ratio:0.948	
300710 万隆光电  	现价:30.62	涨跌幅:-1.7%	10日线:31.39	缩量:True	ratio:0.975	
603212 赛伍技术  	现价:14.04	涨跌幅:-1.75%	10日线:14.56	缩量:True	ratio:0.965	
002772 众兴菌业  	现价:14.33	涨跌幅:-1.78%	10日线:14.68	缩量:True	ratio:0.976	
920068 天工股份  	现价:19.11	涨跌幅:-2.0%	10日线:19.45	缩量:True	ratio:0.982	
002309 中利集团  	现价:3.32	涨跌幅:-2.06%	10日线:3.46	缩量:True	ratio:0.96	
000905 厦门港务  	现价:12.79	涨跌幅:-2.14%	10日线:13.74	缩量:True	ratio:0.931	
600755 厦门国贸  	现价:7.03	涨跌幅:-2.23%	10日线:7.27	缩量:True	ratio:0.967	
002187 广百股份  	现价:7.4	涨跌幅:-2.25%	10日线:8.15	缩量:True	ratio:0.908	
000797 中国武夷  	现价:3.84	涨跌幅:-2.29%	10日线:4.05	缩量:True	ratio:0.948	
688679 通源环境  	现价:25.94	涨跌幅:-2.48%	10日线:26.04	缩量:True	ratio:0.996	
300446 航天智造  	现价:24.71	涨跌幅:-2.49%	10日线:25.09	缩量:True	ratio:0.985	
603131 上海沪工  	现价:29.47	涨跌幅:-2.58%	10日线:29.5	缩量:True	ratio:0.999	
000567 海德股份  	现价:6.24	涨跌幅:-2.8%	10日线:6.61	缩量:True	ratio:0.944	
603300 海南华铁  	现价:7.62	涨跌幅:-2.93%	10日线:7.71	缩量:True	ratio:0.988	
920023 田野股份  	现价:4.57	涨跌幅:-3.18%	10日线:4.96	缩量:True	ratio:0.922	
300086 康芝药业  	现价:11.61	涨跌幅:-3.49%	10日线:12.56	缩量:True	ratio:0.924	
000955 欣龙控股  	现价:6.0	涨跌幅:-3.54%	10日线:6.47	缩量:True	ratio:0.928	
000735 罗 牛 山 	现价:8.71	涨跌幅:-3.65%	10日线:9.68	缩量:True	ratio:0.9	
000886 海南高速  	现价:6.55	涨跌幅:-4.52%	10日线:7.04	缩量:True	ratio:0.93	
600515 海南机场  	现价:5.08	涨跌幅:-4.69%	10日线:5.26	缩量:True	ratio:0.966	
002320 海峡股份  	现价:11.49	涨跌幅:-5.59%	10日线:12.47	缩量:True	ratio:0.921	
002596 海南瑞泽  	现价:5.06	涨跌幅:-6.12%	10日线:5.71	缩量:True	ratio:0.886	
000796 凯撒旅业  	现价:6.7	涨跌幅:-6.94%	10日线:7.13	缩量:True	ratio:0.939	
002163 海南发展  	现价:21.46	涨跌幅:-9.98%	10日线:20.3	缩量:True	ratio:1.057	
002598 山东章鼓  	现价:9.62	涨跌幅:-10.01%	10日线:10.49	缩量:True	ratio:0.917	

筛选出靠近 MA10 的股票数：21

603992 松霖科技  	现价:40.89	涨跌幅:-0.07%	10日线:40.86	ratio:1.001	
688455 科捷智能  	现价:20.07	涨跌幅:-0.1%	10日线:20.04	ratio:1.002	
920418 苏轴股份  	现价:29.98	涨跌幅:-0.1%	10日线:29.94	ratio:1.001	
920873 中设咨询  	现价:7.73	涨跌幅:-0.13%	10日线:7.71	ratio:1.002	
002484 江海股份  	现价:29.63	涨跌幅:-0.24%	10日线:29.59	ratio:1.001	
300989 蕾奥规划  	现价:17.56	涨跌幅:-0.51%	10日线:17.45	ratio:1.006	
300440 运达科技  	现价:12.23	涨跌幅:-0.65%	10日线:12.08	ratio:1.012	
002631 德尔未来  	现价:5.94	涨跌幅:-0.67%	10日线:5.91	ratio:1.005	
300817 双飞集团  	现价:21.06	涨跌幅:-0.71%	10日线:20.53	ratio:1.026	
603081 大丰实业  	现价:13.91	涨跌幅:-0.86%	10日线:13.89	ratio:1.001	
002674 兴业科技  	现价:14.8	涨跌幅:-0.94%	10日线:14.39	ratio:1.028	
002842 翔鹭钨业  	现价:14.31	涨跌幅:-1.04%	10日线:14.2	ratio:1.008	
300553 集智股份  	现价:39.97	涨跌幅:-1.04%	10日线:39.09	ratio:1.023	
002427 尤夫股份  	现价:6.64	涨跌幅:-1.04%	10日线:6.6	ratio:1.006	
003007 直真科技  	现价:36.88	涨跌幅:-1.1%	10日线:35.76	ratio:1.031	
603159 上海亚虹  	现价:25.42	涨跌幅:-1.13%	10日线:24.86	ratio:1.022	
002824 和胜股份  	现价:19.18	涨跌幅:-1.13%	10日线:18.98	ratio:1.011	
301088 戎美股份  	现价:16.95	涨跌幅:-1.17%	10日线:16.86	ratio:1.005	
301023 奕帆传动  	现价:42.75	涨跌幅:-1.27%	10日线:41.42	ratio:1.032	
603680 今创集团  	现价:15.2	涨跌幅:-1.36%	10日线:15.05	ratio:1.01	
002870 香山股份  	现价:38.67	涨跌幅:-1.65%	10日线:38.2	ratio:1.012	
