已拉取第 1 页，累计 100 条
已拉取第 2 页，累计 200 条
已拉取第 3 页，累计 300 条
已拉取第 4 页，累计 400 条
已拉取第 5 页，累计 500 条
已拉取第 6 页，累计 600 条
已拉取第 7 页，累计 700 条
已拉取第 8 页，累计 800 条
已拉取第 9 页，累计 900 条
已拉取第 10 页，累计 1000 条
已拉取第 11 页，累计 1100 条
已拉取第 12 页，累计 1200 条
已拉取第 13 页，累计 1300 条
已拉取第 14 页，累计 1400 条
已拉取第 15 页，累计 1500 条
已拉取第 16 页，累计 1600 条
已拉取第 17 页，累计 1700 条
已拉取第 18 页，累计 1800 条
已拉取第 19 页，累计 1900 条
已拉取第 20 页，累计 2000 条
已拉取第 21 页，累计 2100 条
已拉取第 22 页，累计 2200 条
已拉取第 23 页，累计 2300 条
已拉取第 24 页，累计 2400 条
已拉取第 25 页，累计 2500 条
已拉取第 26 页，累计 2600 条
已拉取第 27 页，累计 2700 条
已拉取第 28 页，累计 2800 条
已拉取第 29 页，累计 2900 条
已拉取第 30 页，累计 3000 条
已拉取第 31 页，累计 3100 条
已拉取第 32 页，累计 3200 条
已拉取第 33 页，累计 3300 条
已拉取第 34 页，累计 3400 条
已拉取第 35 页，累计 3500 条
已拉取第 36 页，累计 3600 条
已拉取第 37 页，累计 3700 条
已拉取第 38 页，累计 3800 条
已拉取第 39 页，累计 3900 条
已拉取第 40 页，累计 4000 条
已拉取第 41 页，累计 4100 条
已拉取第 42 页，累计 4200 条
已拉取第 43 页，累计 4300 条
已拉取第 44 页，累计 4400 条
已拉取第 45 页，累计 4500 条
已拉取第 46 页，累计 4600 条
已拉取第 47 页，累计 4700 条
已拉取第 48 页，累计 4800 条
已拉取第 49 页，累计 4900 条
已拉取第 50 页，累计 5000 条
已拉取第 51 页，累计 5100 条
已拉取第 52 页，累计 5200 条
已拉取第 53 页，累计 5300 条
已拉取第 54 页，累计 5400 条
已拉取第 55 页，累计 5471 条
全市场股票数：5471
当前下跌股票数：956

300434 金石亚药  	现价:10.54	涨跌幅:-0.09%	10日线:10.63	缩量:True	ratio:0.991	
603585 苏利股份  	现价:19.36	涨跌幅:-0.1%	10日线:19.31	缩量:True	ratio:1.003	
603203 快克智能  	现价:36.73	涨跌幅:-0.11%	10日线:36.62	缩量:True	ratio:1.003	
301181 标榜股份  	现价:43.25	涨跌幅:-0.12%	10日线:42.06	缩量:True	ratio:1.028	
301469 恒达新材  	现价:31.02	涨跌幅:-0.16%	10日线:30.95	缩量:True	ratio:1.002	
603013 亚普股份  	现价:24.0	涨跌幅:-0.17%	10日线:23.45	缩量:True	ratio:1.023	
688711 宏微科技  	现价:31.54	涨跌幅:-0.19%	10日线:30.02	缩量:True	ratio:1.051	
003003 天元股份  	现价:13.38	涨跌幅:-0.22%	10日线:13.64	缩量:True	ratio:0.981	
603861 白云电器  	现价:12.77	涨跌幅:-0.23%	10日线:12.41	缩量:True	ratio:1.029	
300551 古鳌科技  	现价:16.45	涨跌幅:-0.24%	10日线:16.51	缩量:True	ratio:0.996	
603386 骏亚科技  	现价:15.55	涨跌幅:-0.26%	10日线:15.48	缩量:True	ratio:1.004	
002205 国统股份  	现价:13.67	涨跌幅:-0.29%	10日线:13.92	缩量:True	ratio:0.982	
002879 长缆科技  	现价:18.57	涨跌幅:-0.32%	10日线:18.64	缩量:True	ratio:0.996	
605377 华旺科技  	现价:8.64	涨跌幅:-0.35%	10日线:8.65	缩量:True	ratio:0.999	
600592 龙溪股份  	现价:26.89	涨跌幅:-0.37%	10日线:26.34	缩量:True	ratio:1.021	
301105 鸿铭股份  	现价:46.93	涨跌幅:-0.4%	10日线:47.55	缩量:True	ratio:0.987	
688246 嘉和美康  	现价:24.25	涨跌幅:-0.41%	10日线:24.02	缩量:True	ratio:1.01	
300918 南山智尚  	现价:18.03	涨跌幅:-0.44%	10日线:17.44	缩量:True	ratio:1.034	
002968 新大正   	现价:12.19	涨跌幅:-0.49%	10日线:12.14	缩量:True	ratio:1.004	
688455 科捷智能  	现价:19.97	涨跌幅:-0.5%	10日线:20.24	缩量:True	ratio:0.986	
002631 德尔未来  	现价:5.91	涨跌幅:-0.51%	10日线:5.96	缩量:True	ratio:0.991	
603311 金海高科  	现价:14.97	涨跌幅:-0.53%	10日线:14.95	缩量:True	ratio:1.001	
300915 海融科技  	现价:24.25	涨跌幅:-0.53%	10日线:24.45	缩量:True	ratio:0.992	
603028 赛福天   	现价:8.82	涨跌幅:-0.56%	10日线:8.57	缩量:True	ratio:1.029	
300817 双飞集团  	现价:20.94	涨跌幅:-0.57%	10日线:20.73	缩量:True	ratio:1.01	
301459 丰茂股份  	现价:44.46	涨跌幅:-0.58%	10日线:44.25	缩量:True	ratio:1.005	
002725 跃岭股份  	现价:16.9	涨跌幅:-0.71%	10日线:17.21	缩量:True	ratio:0.982	
300594 朗进科技  	现价:19.84	涨跌幅:-0.75%	10日线:19.67	缩量:True	ratio:1.009	
002767 先锋电子  	现价:22.37	涨跌幅:-0.8%	10日线:22.32	缩量:True	ratio:1.002	
688051 佳华科技  	现价:41.0	涨跌幅:-0.87%	10日线:40.19	缩量:True	ratio:1.02	
002674 兴业科技  	现价:14.67	涨跌幅:-0.88%	10日线:14.48	缩量:True	ratio:1.013	
688350 富淼科技  	现价:25.89	涨跌幅:-0.88%	10日线:25.32	缩量:True	ratio:1.023	
300006 莱美药业  	现价:5.22	涨跌幅:-0.95%	10日线:5.23	缩量:True	ratio:0.998	
002769 普路通   	现价:11.66	涨跌幅:-1.02%	10日线:11.8	缩量:True	ratio:0.988	
605055 迎丰股份  	现价:9.61	涨跌幅:-1.03%	10日线:9.68	缩量:True	ratio:0.993	
300739 明阳电路  	现价:18.49	涨跌幅:-1.07%	10日线:18.37	缩量:True	ratio:1.007	
002188 中天服务  	现价:6.27	涨跌幅:-1.1%	10日线:6.37	缩量:True	ratio:0.984	
300629 新劲刚   	现价:23.28	涨跌幅:-1.1%	10日线:22.22	缩量:True	ratio:1.048	
600761 安徽合力  	现价:21.0	涨跌幅:-1.13%	10日线:21.14	缩量:True	ratio:0.993	
Exception for 688805: list index out of range

筛选出靠近 MA10 的股票数：21

603585 苏利股份  	现价:19.36	涨跌幅:-0.1%	10日线:19.31	ratio:1.003	近期涨停:True	
603203 快克智能  	现价:36.73	涨跌幅:-0.11%	10日线:36.62	ratio:1.003	近期涨停:True	
301181 标榜股份  	现价:43.25	涨跌幅:-0.12%	10日线:42.06	ratio:1.028	近期涨停:True	
301469 恒达新材  	现价:31.02	涨跌幅:-0.16%	10日线:30.95	ratio:1.002	近期涨停:True	
603013 亚普股份  	现价:24.0	涨跌幅:-0.17%	10日线:23.45	ratio:1.023	近期涨停:False	
603861 白云电器  	现价:12.77	涨跌幅:-0.23%	10日线:12.41	ratio:1.029	近期涨停:False	
603386 骏亚科技  	现价:15.55	涨跌幅:-0.26%	10日线:15.48	ratio:1.004	近期涨停:True	
600592 龙溪股份  	现价:26.89	涨跌幅:-0.37%	10日线:26.34	ratio:1.021	近期涨停:True	
688246 嘉和美康  	现价:24.25	涨跌幅:-0.41%	10日线:24.02	ratio:1.01	近期涨停:True	
300918 南山智尚  	现价:18.03	涨跌幅:-0.44%	10日线:17.44	ratio:1.034	近期涨停:False	
002968 新大正   	现价:12.19	涨跌幅:-0.49%	10日线:12.14	ratio:1.004	近期涨停:False	
603311 金海高科  	现价:14.97	涨跌幅:-0.53%	10日线:14.95	ratio:1.001	近期涨停:True	
603028 赛福天   	现价:8.82	涨跌幅:-0.56%	10日线:8.57	ratio:1.029	近期涨停:True	
300817 双飞集团  	现价:20.94	涨跌幅:-0.57%	10日线:20.73	ratio:1.01	近期涨停:True	
301459 丰茂股份  	现价:44.46	涨跌幅:-0.58%	10日线:44.25	ratio:1.005	近期涨停:False	
300594 朗进科技  	现价:19.84	涨跌幅:-0.75%	10日线:19.67	ratio:1.009	近期涨停:False	
002767 先锋电子  	现价:22.37	涨跌幅:-0.8%	10日线:22.32	ratio:1.002	近期涨停:False	
688051 佳华科技  	现价:41.0	涨跌幅:-0.87%	10日线:40.19	ratio:1.02	近期涨停:False	
002674 兴业科技  	现价:14.67	涨跌幅:-0.88%	10日线:14.48	ratio:1.013	近期涨停:True	
688350 富淼科技  	现价:25.89	涨跌幅:-0.88%	10日线:25.32	ratio:1.023	近期涨停:False	
300739 明阳电路  	现价:18.49	涨跌幅:-1.07%	10日线:18.37	ratio:1.007	近期涨停:False	
